<?xml version="1.0" encoding="UTF-8"?>
<!-- Generated by org.testng.reporters.JUnitReportReporter -->
<testsuite hostname="01250LT2368" name="testCase.TestCaseForCreateNonIndiviualProviderAc" tests="6" failures="0" timestamp="1 Feb 2016 17:51:32 GMT" time="44.674" errors="0">
  <testcase name="blankSubmit" time="4.492" classname="testCase.TestCaseForCreateNonIndiviualProviderAc"/>
  <testcase name="validLoginForNewAcCreate" time="11.364" classname="testCase.TestCaseForCreateNonIndiviualProviderAc"/>
  <testcase name="validLoginForNewAcCreate" time="9.562" classname="testCase.TestCaseForCreateNonIndiviualProviderAc"/>
  <testcase name="blankSubmit" time="3.514" classname="testCase.TestCaseForCreateNonIndiviualProviderAc"/>
  <testcase name="validLoginForNewAcCreate" time="12.446" classname="testCase.TestCaseForCreateNonIndiviualProviderAc"/>
  <testcase name="blankSubmit" time="3.296" classname="testCase.TestCaseForCreateNonIndiviualProviderAc"/>
</testsuite> <!-- testCase.TestCaseForCreateNonIndiviualProviderAc -->
