<?xml version="1.0" encoding="UTF-8"?>
<!-- Generated by org.testng.reporters.JUnitReportReporter -->
<testsuite hostname="01250LT2368" name="testCase.TestCaseForLogin" tests="24" failures="0" timestamp="26 Jan 2016 19:29:32 GMT" time="67.022" errors="0">
  <testcase name="verifyInvalidID" time="0.985" classname="testCase.TestCaseForLogin"/>
  <testcase name="logIn" time="5.854" classname="testCase.TestCaseForLogin"/>
  <testcase name="verifyRemebarMeCheckBox" time="0.576" classname="testCase.TestCaseForLogin"/>
  <testcase name="verifyRemebarMeCheckBox" time="2.110" classname="testCase.TestCaseForLogin"/>
  <testcase name="logIn" time="7.961" classname="testCase.TestCaseForLogin"/>
  <testcase name="verifyInvalidID" time="2.476" classname="testCase.TestCaseForLogin"/>
  <testcase name="logout" time="0.588" classname="testCase.TestCaseForLogin"/>
  <testcase name="validLogin" time="0.610" classname="testCase.TestCaseForLogin"/>
  <testcase name="logout" time="0.437" classname="testCase.TestCaseForLogin"/>
  <testcase name="verifyTitle" time="0.294" classname="testCase.TestCaseForLogin"/>
  <testcase name="verifyInvalidIDBlank" time="3.163" classname="testCase.TestCaseForLogin"/>
  <testcase name="validLogin" time="2.545" classname="testCase.TestCaseForLogin"/>
  <testcase name="verifyInvalidPassword" time="5.237" classname="testCase.TestCaseForLogin"/>
  <testcase name="verifyInvalidPassword" time="1.316" classname="testCase.TestCaseForLogin"/>
  <testcase name="verifyInvalidID" time="3.965" classname="testCase.TestCaseForLogin"/>
  <testcase name="verifyRemebarMeCheckBox" time="1.189" classname="testCase.TestCaseForLogin"/>
  <testcase name="verifyInvalidIDBlank" time="1.241" classname="testCase.TestCaseForLogin"/>
  <testcase name="verifyTitle" time="0.183" classname="testCase.TestCaseForLogin"/>
  <testcase name="verifyInvalidPassword" time="3.057" classname="testCase.TestCaseForLogin"/>
  <testcase name="verifyTitle" time="0.271" classname="testCase.TestCaseForLogin"/>
  <testcase name="verifyInvalidIDBlank" time="3.740" classname="testCase.TestCaseForLogin"/>
  <testcase name="validLogin" time="0.757" classname="testCase.TestCaseForLogin"/>
  <testcase name="logIn" time="7.091" classname="testCase.TestCaseForLogin"/>
  <testcase name="logout" time="11.376" classname="testCase.TestCaseForLogin"/>
</testsuite> <!-- testCase.TestCaseForLogin -->
