<?xml version="1.0" encoding="UTF-8"?>
<!-- Generated by org.testng.reporters.JUnitReportReporter -->
<testsuite hostname="01250LT2368" name="testCase.TestCaseForLogin" tests="24" failures="0" timestamp="26 Jan 2016 18:06:19 GMT" time="82.380" errors="0">
  <testcase name="verifyInvalidPassword" time="5.568" classname="testCase.TestCaseForLogin"/>
  <testcase name="validLogin" time="0.748" classname="testCase.TestCaseForLogin"/>
  <testcase name="verifyRemebarMeCheckBox" time="2.015" classname="testCase.TestCaseForLogin"/>
  <testcase name="logIn" time="7.953" classname="testCase.TestCaseForLogin"/>
  <testcase name="validLogin" time="0.681" classname="testCase.TestCaseForLogin"/>
  <testcase name="verifyInvalidID" time="2.851" classname="testCase.TestCaseForLogin"/>
  <testcase name="logout" time="11.230" classname="testCase.TestCaseForLogin"/>
  <testcase name="verifyTitle" time="0.188" classname="testCase.TestCaseForLogin"/>
  <testcase name="verifyRemebarMeCheckBox" time="0.756" classname="testCase.TestCaseForLogin"/>
  <testcase name="verifyInvalidIDBlank" time="3.924" classname="testCase.TestCaseForLogin"/>
  <testcase name="verifyInvalidID" time="0.940" classname="testCase.TestCaseForLogin"/>
  <testcase name="logout" time="0.425" classname="testCase.TestCaseForLogin"/>
  <testcase name="validLogin" time="2.633" classname="testCase.TestCaseForLogin"/>
  <testcase name="logIn" time="21.056" classname="testCase.TestCaseForLogin"/>
  <testcase name="verifyTitle" time="0.225" classname="testCase.TestCaseForLogin"/>
  <testcase name="verifyInvalidID" time="4.837" classname="testCase.TestCaseForLogin"/>
  <testcase name="logIn" time="5.639" classname="testCase.TestCaseForLogin"/>
  <testcase name="verifyInvalidIDBlank" time="3.125" classname="testCase.TestCaseForLogin"/>
  <testcase name="verifyInvalidPassword" time="3.338" classname="testCase.TestCaseForLogin"/>
  <testcase name="verifyTitle" time="0.249" classname="testCase.TestCaseForLogin"/>
  <testcase name="verifyInvalidPassword" time="1.177" classname="testCase.TestCaseForLogin"/>
  <testcase name="verifyRemebarMeCheckBox" time="1.090" classname="testCase.TestCaseForLogin"/>
  <testcase name="verifyInvalidIDBlank" time="1.239" classname="testCase.TestCaseForLogin"/>
  <testcase name="logout" time="0.493" classname="testCase.TestCaseForLogin"/>
</testsuite> <!-- testCase.TestCaseForLogin -->
