<?xml version="1.0" encoding="UTF-8"?>
<!-- Generated by org.testng.reporters.JUnitReportReporter -->
<testsuite hostname="01250LT2368" name="testCase.TestCaseForLogin" tests="24" failures="0" timestamp="1 Feb 2016 17:51:32 GMT" time="74.314" errors="0">
  <testcase name="verifyInvalidID" time="0.848" classname="testCase.TestCaseForLogin"/>
  <testcase name="validLogin" time="2.597" classname="testCase.TestCaseForLogin"/>
  <testcase name="logIn" time="7.391" classname="testCase.TestCaseForLogin"/>
  <testcase name="verifyRemebarMeCheckBox" time="0.453" classname="testCase.TestCaseForLogin"/>
  <testcase name="logIn" time="9.765" classname="testCase.TestCaseForLogin"/>
  <testcase name="verifyInvalidIDBlank" time="4.238" classname="testCase.TestCaseForLogin"/>
  <testcase name="verifyInvalidID" time="2.813" classname="testCase.TestCaseForLogin"/>
  <testcase name="verifyTitle" time="0.597" classname="testCase.TestCaseForLogin"/>
  <testcase name="logout" time="0.639" classname="testCase.TestCaseForLogin"/>
  <testcase name="validLogin" time="0.578" classname="testCase.TestCaseForLogin"/>
  <testcase name="logout" time="0.522" classname="testCase.TestCaseForLogin"/>
  <testcase name="verifyInvalidIDBlank" time="2.852" classname="testCase.TestCaseForLogin"/>
  <testcase name="verifyRemebarMeCheckBox" time="1.980" classname="testCase.TestCaseForLogin"/>
  <testcase name="verifyInvalidPassword" time="1.085" classname="testCase.TestCaseForLogin"/>
  <testcase name="verifyInvalidPassword" time="4.981" classname="testCase.TestCaseForLogin"/>
  <testcase name="verifyRemebarMeCheckBox" time="0.990" classname="testCase.TestCaseForLogin"/>
  <testcase name="verifyInvalidIDBlank" time="1.238" classname="testCase.TestCaseForLogin"/>
  <testcase name="verifyTitle" time="0.213" classname="testCase.TestCaseForLogin"/>
  <testcase name="logIn" time="9.595" classname="testCase.TestCaseForLogin"/>
  <testcase name="verifyInvalidPassword" time="3.556" classname="testCase.TestCaseForLogin"/>
  <testcase name="verifyTitle" time="0.250" classname="testCase.TestCaseForLogin"/>
  <testcase name="validLogin" time="0.693" classname="testCase.TestCaseForLogin"/>
  <testcase name="logout" time="11.584" classname="testCase.TestCaseForLogin"/>
  <testcase name="verifyInvalidID" time="4.856" classname="testCase.TestCaseForLogin"/>
</testsuite> <!-- testCase.TestCaseForLogin -->
