<?xml version="1.0" encoding="UTF-8"?>
<!-- Generated by org.testng.reporters.JUnitReportReporter -->
<testsuite hostname="01250LT2368" name="testCase.TestCaseForCreateIndiviualProviderAc" tests="15" failures="0" timestamp="27 Jan 2016 20:27:38 GMT" time="83.800" errors="0">
  <testcase name="validLoginForNewAcCreate" time="12.413" classname="testCase.TestCaseForCreateIndiviualProviderAc"/>
  <testcase name="validLoginForNewAcCreate" time="14.882" classname="testCase.TestCaseForCreateIndiviualProviderAc"/>
  <testcase name="blankSubmit" time="3.224" classname="testCase.TestCaseForCreateIndiviualProviderAc"/>
  <testcase name="EmailVerify" time="1.288" classname="testCase.TestCaseForCreateIndiviualProviderAc"/>
  <testcase name="blankSubmit" time="2.920" classname="testCase.TestCaseForCreateIndiviualProviderAc"/>
  <testcase name="lastNameVerify" time="0.929" classname="testCase.TestCaseForCreateIndiviualProviderAc"/>
  <testcase name="createANewAcc" time="3.520" classname="testCase.TestCaseForCreateIndiviualProviderAc"/>
  <testcase name="EmailVerify" time="1.090" classname="testCase.TestCaseForCreateIndiviualProviderAc"/>
  <testcase name="EmailVerify" time="9.345" classname="testCase.TestCaseForCreateIndiviualProviderAc"/>
  <testcase name="createANewAcc" time="3.102" classname="testCase.TestCaseForCreateIndiviualProviderAc"/>
  <testcase name="blankSubmit" time="4.246" classname="testCase.TestCaseForCreateIndiviualProviderAc"/>
  <testcase name="lastNameVerify" time="5.481" classname="testCase.TestCaseForCreateIndiviualProviderAc"/>
  <testcase name="lastNameVerify" time="1.099" classname="testCase.TestCaseForCreateIndiviualProviderAc"/>
  <testcase name="validLoginForNewAcCreate" time="8.706" classname="testCase.TestCaseForCreateIndiviualProviderAc"/>
  <testcase name="createANewAcc" time="11.555" classname="testCase.TestCaseForCreateIndiviualProviderAc"/>
</testsuite> <!-- testCase.TestCaseForCreateIndiviualProviderAc -->
